[0mCMake Deprecation Warning at CMakeLists.txt:1 (cmake_minimum_required):
  Compatibility with CMake < 3.5 will be removed from a future version of
  CMake.

  Update the VERSION argument <min> value or use a ...<max> suffix to tell
  CMake that the project does not need compatibility with older versions.

[0m
-- The C compiler identification is GNU 13.3.0
-- The CXX compiler identification is GNU 13.3.0
-- Detecting C compiler ABI info
-- Detecting C compiler ABI info - done
-- Check for working C compiler: /usr/bin/cc - skipped
-- Detecting C compile features
-- Detecting C compile features - done
-- Detecting CXX compiler ABI info
-- Detecting CXX compiler ABI info - done
-- Check for working CXX compiler: /usr/bin/c++ - skipped
-- Detecting CXX compile features
-- Detecting CXX compile features - done
[33mCMake Warning (dev) at CMakeLists.txt:13 (exec_program):
  Policy CMP0153 is not set: The exec_program command should not be called.
  Run "cmake --help-policy CMP0153" for policy details.  Use the cmake_policy
  command to set the policy and suppress this warning.

  Use execute_process() instead.
This warning is for project developers.  Use -Wno-dev to suppress it.
[0m
-- Install path: /home/reynolds/Datos/codes/source/robots/home_service_robot/install/gazebo_models/models
-- Configuring done (3.6s)
-- Generating done (0.3s)
-- Build files have been written to: /home/reynolds/Datos/codes/source/robots/home_service_robot/build/gazebo_models
tar: tar: tar: Eliminando la `../' inicial de los nombresEliminando la `../' inicial de los nombresEliminando la `../' inicial de los nombres


tar: tar: tar: ../apollo15_landing_site_1000x1000: No se puede efectuar stat../apartment: No se puede efectuar stat../ambulance: No se puede efectuar stattar: : No existe el archivo o el directorio
: No existe el archivo o el directorio
: No existe el archivo o el directorio
Eliminando la `../' inicial de los nombres
tar: ../arm_part: No se puede efectuar stat: No existe el archivo o el directorio
tar: Se sale con estado de fallo debido a errores anteriores
tar: Se sale con estado de fallo debido a errores anteriores
tar: Se sale con estado de fallo debido a errores anteriores
tar: Se sale con estado de fallo debido a errores anteriores
gmake[2]: *** [CMakeFiles/apollo15_landing_site_1000x1000.dir/build.make:71: CMakeFiles/apollo15_landing_site_1000x1000] Error 2
gmake[2]: *** [CMakeFiles/arm_part.dir/build.make:71: CMakeFiles/arm_part] Error 2
gmake[2]: *** [CMakeFiles/apartment.dir/build.make:71: CMakeFiles/apartment] Error 2
gmake[2]: *** [CMakeFiles/ambulance.dir/build.make:71: CMakeFiles/ambulance] Error 2
gmake[1]: *** [CMakeFiles/Makefile2:671: CMakeFiles/arm_part.dir/all] Error 2
gmake[1]: *** Se espera a que terminen otras tareas....
gmake[1]: *** [CMakeFiles/Makefile2:619: CMakeFiles/apartment.dir/all] Error 2
gmake[1]: *** [CMakeFiles/Makefile2:593: CMakeFiles/ambulance.dir/all] Error 2
gmake[1]: *** [CMakeFiles/Makefile2:645: CMakeFiles/apollo15_landing_site_1000x1000.dir/all] Error 2
gmake: *** [Makefile:156: all] Error 2
