tar: tar: Eliminando la `../' inicial de los nombresEliminando la `../' inicial de los nombres

tar: tar: ../apollo15_landing_site_1000x1000: No se puede efectuar stat../arm_part: No se puede efectuar stat: No existe el archivo o el directorio: No existe el archivo o el directorio

tar: Eliminando la `../' inicial de los nombres
tar: ../ambulance: No se puede efectuar stat: No existe el archivo o el directorio
tar: Eliminando la `../' inicial de los nombres
tar: ../apartment: No se puede efectuar stat: No existe el archivo o el directorio
tar: Se sale con estado de fallo debido a errores anteriores
tar: Se sale con estado de fallo debido a errores anteriores
tar: Se sale con estado de fallo debido a errores anteriores
gmake[2]: *** [CMakeFiles/apartment.dir/build.make:71: CMakeFiles/apartment] Error 2
tar: Se sale con estado de fallo debido a errores anteriores
gmake[2]: *** [CMakeFiles/arm_part.dir/build.make:71: CMakeFiles/arm_part] Error 2
gmake[1]: *** [CMakeFiles/Makefile2:619: CMakeFiles/apartment.dir/all] Error 2
gmake[1]: *** Se espera a que terminen otras tareas....
gmake[2]: *** [CMakeFiles/ambulance.dir/build.make:71: CMakeFiles/ambulance] Error 2
gmake[2]: *** [CMakeFiles/apollo15_landing_site_1000x1000.dir/build.make:71: CMakeFiles/apollo15_landing_site_1000x1000] Error 2
gmake[1]: *** [CMakeFiles/Makefile2:593: CMakeFiles/ambulance.dir/all] Error 2
gmake[1]: *** [CMakeFiles/Makefile2:671: CMakeFiles/arm_part.dir/all] Error 2
gmake[1]: *** [CMakeFiles/Makefile2:645: CMakeFiles/apollo15_landing_site_1000x1000.dir/all] Error 2
gmake: *** [Makefile:156: all] Error 2
