[0.156s] Invoking command in '/home/reynolds/Datos/codes/source/robots/home_service_robot/build/gazebo_models': DEBUGINFOD_URLS=https://debuginfod.ubuntu.com /usr/bin/cmake --build /home/reynolds/Datos/codes/source/robots/home_service_robot/build/gazebo_models -- -j4 -l4
[1.279s] tar: tar: Eliminando la `../' inicial de los nombresEliminando la `../' inicial de los nombres
[1.280s] 
[1.280s] tar: tar: ../apollo15_landing_site_1000x1000: No se puede efectuar stat../arm_part: No se puede efectuar stat: No existe el archivo o el directorio: No existe el archivo o el directorio
[1.280s] 
[1.280s] tar: Eliminando la `../' inicial de los nombres
[1.280s] tar: ../ambulance: No se puede efectuar stat: No existe el archivo o el directorio
[1.280s] tar: Eliminando la `../' inicial de los nombres
[1.281s] tar: ../apartment: No se puede efectuar stat: No existe el archivo o el directorio
[1.331s] tar: Se sale con estado de fallo debido a errores anteriores
[1.332s] tar: Se sale con estado de fallo debido a errores anteriores
[1.333s] tar: Se sale con estado de fallo debido a errores anteriores
[1.334s] gmake[2]: *** [CMakeFiles/apartment.dir/build.make:71: CMakeFiles/apartment] Error 2
[1.334s] tar: Se sale con estado de fallo debido a errores anteriores
[1.334s] gmake[2]: *** [CMakeFiles/arm_part.dir/build.make:71: CMakeFiles/arm_part] Error 2
[1.334s] gmake[1]: *** [CMakeFiles/Makefile2:619: CMakeFiles/apartment.dir/all] Error 2
[1.335s] gmake[1]: *** Se espera a que terminen otras tareas....
[1.335s] gmake[2]: *** [CMakeFiles/ambulance.dir/build.make:71: CMakeFiles/ambulance] Error 2
[1.335s] gmake[2]: *** [CMakeFiles/apollo15_landing_site_1000x1000.dir/build.make:71: CMakeFiles/apollo15_landing_site_1000x1000] Error 2
[1.335s] gmake[1]: *** [CMakeFiles/Makefile2:593: CMakeFiles/ambulance.dir/all] Error 2
[1.335s] gmake[1]: *** [CMakeFiles/Makefile2:671: CMakeFiles/arm_part.dir/all] Error 2
[1.335s] gmake[1]: *** [CMakeFiles/Makefile2:645: CMakeFiles/apollo15_landing_site_1000x1000.dir/all] Error 2
[1.335s] gmake: *** [Makefile:156: all] Error 2
[1.349s] Invoked command in '/home/reynolds/Datos/codes/source/robots/home_service_robot/build/gazebo_models' returned '2': DEBUGINFOD_URLS=https://debuginfod.ubuntu.com /usr/bin/cmake --build /home/reynolds/Datos/codes/source/robots/home_service_robot/build/gazebo_models -- -j4 -l4
